<?xml version="1.0" encoding="UTF-8"?>
<!-- Generated by org.testng.reporters.JUnitXMLReporter -->
<testsuite ignored="0" hostname="Rajithas-MBP" failures="0" tests="3" name="Command line test" time="0.13" errors="0" timestamp="28 Jan 2019 06:37:08 GMT">
  <testcase classname="CarRentalServiceTest" name="getCarsWithLowestRentalCost" time="0.095"/>
  <testcase classname="CarRentalServiceTest" name="getHighestRevenueGeneratingCars" time="0.008"/>
  <testcase classname="CarRentalServiceTest" name="printsBlueTeslasWithnotes" time="0.004"/>
</testsuite> <!-- Command line test -->
